<?xml version="1.0" encoding="UTF-8"?>
<testsuite name="MIDItoolsTest" tests="5" skipped="0" failures="0" errors="0" timestamp="2025-12-14T22:04:58" hostname="DESKTOP-DNN8L05" time="0.027">
  <properties/>
  <testcase name="getNote()" classname="MIDItoolsTest" time="0.018"/>
  <testcase name="getHeader()" classname="MIDItoolsTest" time="0.001"/>
  <testcase name="addNoteToTrack()" classname="MIDItoolsTest" time="0.001"/>
  <testcase name="getNoteEvent()" classname="MIDItoolsTest" time="0.001"/>
  <testcase name="getTrack()" classname="MIDItoolsTest" time="0.0"/>
  <system-out><![CDATA[]]></system-out>
  <system-err><![CDATA[]]></system-err>
</testsuite>
